<?xml version="1.0" encoding="UTF-8"?>
<testng-results ignored="0" total="1" passed="1" failed="0" skipped="0">
  <reporter-output>
  </reporter-output>
  <suite started-at="2022-04-03T00:33:44Z" name="Default suite" finished-at="2022-04-03T00:34:10Z" duration-ms="25669">
    <groups>
    </groups>
    <test started-at="2022-04-03T00:33:44Z" name="Default test" finished-at="2022-04-03T00:34:10Z" duration-ms="25669">
      <class name="com.automationDressPurchaseProject.NewTest.OrderPlacementPageTest2">
        <test-method is-config="true" signature="setUp()[pri:0, instance:com.automationDressPurchaseProject.NewTest.OrderPlacementPageTest2@479ceda0]" started-at="2022-04-03T00:33:44Z" name="setUp" finished-at="2022-04-03T00:33:47Z" duration-ms="3538" status="PASS">
          <reporter-output>
          </reporter-output>
        </test-method> <!-- setUp -->
        <test-method signature="verifyUserCanCompleteCheckout()[pri:0, instance:com.automationDressPurchaseProject.NewTest.OrderPlacementPageTest2@479ceda0]" started-at="2022-04-03T00:33:47Z" name="verifyUserCanCompleteCheckout" finished-at="2022-04-03T00:34:09Z" duration-ms="21925" status="PASS">
          <reporter-output>
          </reporter-output>
        </test-method> <!-- verifyUserCanCompleteCheckout -->
        <test-method is-config="true" signature="closeBrowser()[pri:0, instance:com.automationDressPurchaseProject.NewTest.OrderPlacementPageTest2@479ceda0]" started-at="2022-04-03T00:34:09Z" name="closeBrowser" finished-at="2022-04-03T00:34:10Z" duration-ms="190" status="PASS">
          <reporter-output>
          </reporter-output>
        </test-method> <!-- closeBrowser -->
      </class> <!-- com.automationDressPurchaseProject.NewTest.OrderPlacementPageTest2 -->
    </test> <!-- Default test -->
  </suite> <!-- Default suite -->
</testng-results>
